-------------------------------------------------------------------------------
Test set: TestSuite
-------------------------------------------------------------------------------
Tests run: 2, Failures: 1, Errors: 0, Skipped: 0, Time elapsed: 14.437 sec <<< FAILURE! - in TestSuite
create_new_dashboard(testcases.TestLogin)  Time elapsed: 2.741 sec  <<< FAILURE!
java.lang.IllegalArgumentException: Input must be set
	at testcases.TestLogin.create_new_dashboard(TestLogin.java:57)

