<?xml version="1.0" encoding="UTF-8"?>
<testsuite xmlns:xsi="http://www.w3.org/2001/XMLSchema-instance" xsi:schemaLocation="https://maven.apache.org/surefire/maven-surefire-plugin/xsd/surefire-test-report.xsd" name="TestSuite" time="14.437" tests="2" errors="0" skipped="0" failures="1">
  <properties>
[...]
</properties>
  <testcase name="enter_SiginDetails" classname="testcases.TestLogin" time="0.937"/>
  <testcase name="create_new_dashboard" classname="testcases.TestLogin" time="2.741">
    <failure message="Input must be set" type="java.lang.IllegalArgumentException">java.lang.IllegalArgumentException: Input must be set
	at testcases.TestLogin.create_new_dashboard(TestLogin.java:57)
</failure>
  </testcase>
</testsuite>